This file contains any messages produced by compilers while
running configure, to aid debugging if configure makes a mistake.

It was created by SmartHistos configure 1.0, which was
generated by GNU Autoconf 2.69.  Invocation command line was

  $ ../configure -v

## --------- ##
## Platform. ##
## --------- ##

hostname = endpub175.e-um-visitantes-glt.uminho.pt
uname -m = x86_64
uname -r = 13.3.0
uname -s = Darwin
uname -v = Darwin Kernel Version 13.3.0: Tue Jun  3 21:27:35 PDT 2014; root:xnu-2422.110.17~1/RELEASE_X86_64

/usr/bin/uname -p = i386
/bin/uname -X     = unknown

/bin/arch              = unknown
/usr/bin/arch -k       = unknown
/usr/convex/getsysinfo = unknown
/usr/bin/hostinfo      = Mach kernel version:
	 Darwin Kernel Version 13.3.0: Tue Jun  3 21:27:35 PDT 2014; root:xnu-2422.110.17~1/RELEASE_X86_64
Kernel configured for up to 4 processors.
2 processors are physically available.
4 processors are logically available.
Processor type: i486 (Intel 80486)
Processors active: 0 1 2 3
Primary memory available: 8.00 gigabytes
Default processor set: 220 tasks, 1156 threads, 4 processors
Load average: 2.52, Mach factor: 1.92
/bin/machine           = unknown
/usr/bin/oslevel       = unknown
/bin/universe          = unknown

PATH: /opt/local/bin
PATH: /opt/local/sbin
PATH: /opt/local/bin
PATH: /opt/local/sbin
PATH: /opt/local/bin
PATH: /opt/local/sbin
PATH: /opt/local/bin
PATH: /opt/local/sbin
PATH: /Users/juanpe/root/bin
PATH: /opt/local/bin
PATH: /opt/local/sbin
PATH: /opt/local/bin
PATH: /opt/local/sbin
PATH: /opt/local/bin
PATH: /opt/local/sbin
PATH: /opt/local/bin
PATH: /opt/local/sbin
PATH: /opt/local/bin
PATH: /opt/local/sbin
PATH: /opt/local/bin
PATH: /opt/local/sbin
PATH: /opt/local/bin
PATH: /opt/local/sbin
PATH: /opt/local/bin
PATH: /opt/local/sbin
PATH: /opt/local/bin
PATH: /opt/local/sbin
PATH: /opt/local/bin
PATH: /opt/local/sbin
PATH: /opt/local/bin
PATH: /opt/local/sbin
PATH: /opt/local/bin
PATH: /opt/local/sbin
PATH: /usr/bin
PATH: /bin
PATH: /usr/sbin
PATH: /sbin
PATH: /usr/local/bin
PATH: /opt/X11/bin
PATH: /usr/local/git/bin
PATH: /usr/texbin
PATH: ./
PATH: /Users/juanpe/imagemagick/bin
PATH: /Users/juanpe/bin/
PATH: ./
PATH: /Users/juanpe/imagemagick/bin
PATH: /Users/juanpe/bin/
PATH: ./
PATH: /Users/juanpe/imagemagick/bin
PATH: /Users/juanpe/bin/
PATH: ./
PATH: /Users/juanpe/imagemagick/bin
PATH: /Users/juanpe/root/bin
PATH: /Users/juanpe/bin/


## ----------- ##
## Core tests. ##
## ----------- ##

configure:2385: checking for a BSD-compatible install
configure:2453: result: /usr/bin/install -c
configure:2464: checking whether build environment is sane
configure:2519: result: yes
configure:2670: checking for a thread-safe mkdir -p
configure:2709: result: ../build-aux/install-sh -c -d
configure:2716: checking for gawk
configure:2746: result: no
configure:2716: checking for mawk
configure:2746: result: no
configure:2716: checking for nawk
configure:2746: result: no
configure:2716: checking for awk
configure:2732: found /usr/bin/awk
configure:2743: result: awk
configure:2754: checking whether make sets $(MAKE)
configure:2776: result: yes
configure:2805: checking whether make supports nested variables
configure:2822: result: yes
configure:2960: checking for style of include used by make
configure:2988: result: GNU
configure:3059: checking for gcc
configure:3075: found /usr/bin/gcc
configure:3086: result: gcc
configure:3315: checking for C compiler version
configure:3324: gcc --version >&5
Apple LLVM version 5.1 (clang-503.0.40) (based on LLVM 3.4svn)
Target: x86_64-apple-darwin13.3.0
Thread model: posix
Configured with: --prefix=/Applications/Xcode.app/Contents/Developer/usr --with-gxx-include-dir=/usr/include/c++/4.2.1
configure:3335: $? = 0
configure:3324: gcc -v >&5
Configured with: --prefix=/Applications/Xcode.app/Contents/Developer/usr --with-gxx-include-dir=/usr/include/c++/4.2.1
Apple LLVM version 5.1 (clang-503.0.40) (based on LLVM 3.4svn)
Target: x86_64-apple-darwin13.3.0
Thread model: posix
configure:3335: $? = 0
configure:3324: gcc -V >&5
clang: error: argument to '-V' is missing (expected 1 value)
clang: error: no input files
configure:3335: $? = 1
configure:3324: gcc -qversion >&5
clang: error: unknown argument: '-qversion' [-Wunused-command-line-argument-hard-error-in-future]
clang: note: this will be a hard error (cannot be downgraded to a warning) in the future
clang: error: no input files
configure:3335: $? = 1
configure:3355: checking whether the C compiler works
configure:3377: gcc    conftest.c  >&5
configure:3381: $? = 0
configure:3429: result: yes
configure:3432: checking for C compiler default output file name
configure:3434: result: a.out
configure:3440: checking for suffix of executables
configure:3447: gcc -o conftest    conftest.c  >&5
configure:3451: $? = 0
configure:3473: result: 
configure:3495: checking whether we are cross compiling
configure:3503: gcc -o conftest    conftest.c  >&5
configure:3507: $? = 0
configure:3514: ./conftest
configure:3518: $? = 0
configure:3533: result: no
configure:3538: checking for suffix of object files
configure:3560: gcc -c   conftest.c >&5
configure:3564: $? = 0
configure:3585: result: o
configure:3589: checking whether we are using the GNU C compiler
configure:3608: gcc -c   conftest.c >&5
configure:3608: $? = 0
configure:3617: result: yes
configure:3626: checking whether gcc accepts -g
configure:3646: gcc -c -g  conftest.c >&5
configure:3646: $? = 0
configure:3687: result: yes
configure:3704: checking for gcc option to accept ISO C89
configure:3767: gcc  -c -g -O2  conftest.c >&5
configure:3767: $? = 0
configure:3780: result: none needed
configure:3805: checking whether gcc understands -c and -o together
configure:3827: gcc -c conftest.c -o conftest2.o
configure:3830: $? = 0
configure:3827: gcc -c conftest.c -o conftest2.o
configure:3830: $? = 0
configure:3842: result: yes
configure:3861: checking dependency style of gcc
configure:3972: result: gcc3
configure:4037: checking for ar
configure:4053: found /opt/local/bin/ar
configure:4064: result: ar
configure:4090: checking the archiver (ar) interface
configure:4106: gcc -c -g -O2  conftest.c >&5
configure:4106: $? = 0
configure:4108: ar cru libconftest.a conftest.o >&5
configure:4111: $? = 0
configure:4139: result: ar
configure:4217: checking for g++
configure:4233: found /usr/bin/g++
configure:4244: result: g++
configure:4271: checking for C++ compiler version
configure:4280: g++ --version >&5
Apple LLVM version 5.1 (clang-503.0.40) (based on LLVM 3.4svn)
Target: x86_64-apple-darwin13.3.0
Thread model: posix
Configured with: --prefix=/Applications/Xcode.app/Contents/Developer/usr --with-gxx-include-dir=/usr/include/c++/4.2.1
configure:4291: $? = 0
configure:4280: g++ -v >&5
Configured with: --prefix=/Applications/Xcode.app/Contents/Developer/usr --with-gxx-include-dir=/usr/include/c++/4.2.1
Apple LLVM version 5.1 (clang-503.0.40) (based on LLVM 3.4svn)
Target: x86_64-apple-darwin13.3.0
Thread model: posix
configure:4291: $? = 0
configure:4280: g++ -V >&5
clang: error: argument to '-V' is missing (expected 1 value)
clang: error: no input files
configure:4291: $? = 1
configure:4280: g++ -qversion >&5
clang: error: unknown argument: '-qversion' [-Wunused-command-line-argument-hard-error-in-future]
clang: note: this will be a hard error (cannot be downgraded to a warning) in the future
clang: error: no input files
configure:4291: $? = 1
configure:4295: checking whether we are using the GNU C++ compiler
configure:4314: g++ -c   conftest.cpp >&5
configure:4314: $? = 0
configure:4323: result: yes
configure:4332: checking whether g++ accepts -g
configure:4352: g++ -c -g  conftest.cpp >&5
configure:4352: $? = 0
configure:4393: result: yes
configure:4418: checking dependency style of g++
configure:4529: result: gcc3
configure:4657: checking for C++ compiler version
configure:4666: g++ --version >&5
Apple LLVM version 5.1 (clang-503.0.40) (based on LLVM 3.4svn)
Target: x86_64-apple-darwin13.3.0
Thread model: posix
Configured with: --prefix=/Applications/Xcode.app/Contents/Developer/usr --with-gxx-include-dir=/usr/include/c++/4.2.1
configure:4677: $? = 0
configure:4666: g++ -v >&5
Configured with: --prefix=/Applications/Xcode.app/Contents/Developer/usr --with-gxx-include-dir=/usr/include/c++/4.2.1
Apple LLVM version 5.1 (clang-503.0.40) (based on LLVM 3.4svn)
Target: x86_64-apple-darwin13.3.0
Thread model: posix
configure:4677: $? = 0
configure:4666: g++ -V >&5
clang: error: argument to '-V' is missing (expected 1 value)
clang: error: no input files
configure:4677: $? = 1
configure:4666: g++ -qversion >&5
clang: error: unknown argument: '-qversion' [-Wunused-command-line-argument-hard-error-in-future]
clang: note: this will be a hard error (cannot be downgraded to a warning) in the future
clang: error: no input files
configure:4677: $? = 1
configure:4681: checking whether we are using the GNU C++ compiler
configure:4709: result: yes
configure:4718: checking whether g++ accepts -g
configure:4779: result: yes
configure:4804: checking dependency style of g++
configure:4915: result: gcc3
configure:4969: checking build system type
configure:4983: result: x86_64-apple-darwin13.3.0
configure:5003: checking host system type
configure:5016: result: x86_64-apple-darwin13.3.0
configure:5057: checking how to print strings
configure:5084: result: printf
configure:5105: checking for a sed that does not truncate output
configure:5169: result: /usr/bin/sed
configure:5187: checking for grep that handles long lines and -e
configure:5245: result: /usr/bin/grep
configure:5250: checking for egrep
configure:5312: result: /usr/bin/grep -E
configure:5317: checking for fgrep
configure:5379: result: /usr/bin/grep -F
configure:5414: checking for ld used by gcc
configure:5481: result: /Applications/Xcode.app/Contents/Developer/Toolchains/XcodeDefault.xctoolchain/usr/bin/ld
configure:5488: checking if the linker (/Applications/Xcode.app/Contents/Developer/Toolchains/XcodeDefault.xctoolchain/usr/bin/ld) is GNU ld
configure:5503: result: no
configure:5515: checking for BSD- or MS-compatible name lister (nm)
configure:5564: result: /opt/local/bin/nm
configure:5694: checking the name lister (/opt/local/bin/nm) interface
configure:5701: g++ -c -g -O2  conftest.cpp >&5
configure:5704: /opt/local/bin/nm "conftest.o"
configure:5707: output
0000000000000224 S _some_variable
configure:5714: result: BSD nm
configure:5717: checking whether ln -s works
configure:5721: result: yes
configure:5729: checking the maximum length of command line arguments
configure:5859: result: 196608
configure:5876: checking whether the shell understands some XSI constructs
configure:5886: result: yes
configure:5890: checking whether the shell understands "+="
configure:5896: result: yes
configure:5931: checking how to convert x86_64-apple-darwin13.3.0 file names to x86_64-apple-darwin13.3.0 format
configure:5971: result: func_convert_file_noop
configure:5978: checking how to convert x86_64-apple-darwin13.3.0 file names to toolchain format
configure:5998: result: func_convert_file_noop
configure:6005: checking for /Applications/Xcode.app/Contents/Developer/Toolchains/XcodeDefault.xctoolchain/usr/bin/ld option to reload object files
configure:6012: result: -r
configure:6086: checking for objdump
configure:6116: result: no
configure:6145: checking how to recognize dependent libraries
configure:6347: result: pass_all
configure:6432: checking for dlltool
configure:6462: result: no
configure:6492: checking how to associate runtime and link libraries
configure:6519: result: printf %s\n
configure:6644: checking for archiver @FILE support
configure:6661: g++ -c -g -O2  conftest.cpp >&5
configure:6661: $? = 0
configure:6664: ar cru libconftest.a @conftest.lst >&5
ar: @conftest.lst: No such file or directory
configure:6667: $? = 1
configure:6687: result: no
configure:6745: checking for strip
configure:6761: found /opt/local/bin/strip
configure:6772: result: strip
configure:6844: checking for ranlib
configure:6860: found /opt/local/bin/ranlib
configure:6871: result: ranlib
configure:6973: checking command to parse /opt/local/bin/nm output from gcc object
configure:7093: g++ -c -g -O2  conftest.cpp >&5
configure:7096: $? = 0
configure:7100: /opt/local/bin/nm conftest.o \| sed -n -e 's/^.*[ ]\([BCDEGRST][BCDEGRST]*\)[ ][ ]*\([_A-Za-z][_A-Za-z0-9]*\)$/\1 \2 \2/p' | sed '/ __gnu_lto/d' \> conftest.nm
configure:7103: $? = 0
cannot find nm_test_var in conftest.nm
configure:7093: g++ -c -g -O2  conftest.cpp >&5
configure:7096: $? = 0
configure:7100: /opt/local/bin/nm conftest.o \| sed -n -e 's/^.*[ ]\([BCDEGRST][BCDEGRST]*\)[ ][ ]*_\([_A-Za-z][_A-Za-z0-9]*\)$/\1 _\2 \2/p' | sed '/ __gnu_lto/d' \> conftest.nm
configure:7103: $? = 0
configure:7169: g++ -o conftest -g -O2   conftest.cpp conftstm.o >&5
configure:7172: $? = 0
configure:7210: result: ok
configure:7247: checking for sysroot
configure:7277: result: no
configure:7533: checking for mt
configure:7563: result: no
configure:7583: checking if : is a manifest tool
configure:7589: : '-?'
configure:7597: result: no
configure:7653: checking for dsymutil
configure:7669: found /usr/bin/dsymutil
configure:7680: result: dsymutil
configure:7745: checking for nmedit
configure:7761: found /opt/local/bin/nmedit
configure:7772: result: nmedit
configure:7837: checking for lipo
configure:7853: found /opt/local/bin/lipo
configure:7864: result: lipo
configure:7929: checking for otool
configure:7945: found /opt/local/bin/otool
configure:7956: result: otool
configure:8021: checking for otool64
configure:8051: result: no
configure:8096: checking for -single_module linker flag
gcc -g -O2  -o libconftest.dylib -dynamiclib -Wl,-single_module conftest.c
configure:8129: result: yes
configure:8132: checking for -exported_symbols_list linker flag
configure:8152: g++ -o conftest -g -O2   -Wl,-exported_symbols_list,conftest.sym conftest.cpp  >&5
configure:8152: $? = 0
configure:8162: result: yes
configure:8165: checking for -force_load linker flag
gcc -g -O2 -c -o conftest.o conftest.c
ar cru libconftest.a conftest.o
ranlib libconftest.a
gcc -g -O2  -o conftest conftest.c -Wl,-force_load,./libconftest.a
configure:8197: result: yes
configure:8239: checking how to run the C preprocessor
configure:8270: gcc -E  conftest.c
configure:8270: $? = 0
configure:8284: gcc -E  conftest.c
conftest.c:11:10: fatal error: 'ac_nonexistent.h' file not found
#include <ac_nonexistent.h>
         ^
1 error generated.
configure:8284: $? = 1
configure: failed program was:
| /* confdefs.h */
| #define PACKAGE_NAME "SmartHistos"
| #define PACKAGE_TARNAME "smarthistos"
| #define PACKAGE_VERSION "1.0"
| #define PACKAGE_STRING "SmartHistos 1.0"
| #define PACKAGE_BUGREPORT "jp.araque@cern.ch"
| #define PACKAGE_URL ""
| #define PACKAGE "smarthistos"
| #define VERSION "1.0"
| /* end confdefs.h.  */
| #include <ac_nonexistent.h>
configure:8309: result: gcc -E
configure:8329: gcc -E  conftest.c
configure:8329: $? = 0
configure:8343: gcc -E  conftest.c
conftest.c:11:10: fatal error: 'ac_nonexistent.h' file not found
#include <ac_nonexistent.h>
         ^
1 error generated.
configure:8343: $? = 1
configure: failed program was:
| /* confdefs.h */
| #define PACKAGE_NAME "SmartHistos"
| #define PACKAGE_TARNAME "smarthistos"
| #define PACKAGE_VERSION "1.0"
| #define PACKAGE_STRING "SmartHistos 1.0"
| #define PACKAGE_BUGREPORT "jp.araque@cern.ch"
| #define PACKAGE_URL ""
| #define PACKAGE "smarthistos"
| #define VERSION "1.0"
| /* end confdefs.h.  */
| #include <ac_nonexistent.h>
configure:8372: checking for ANSI C header files
configure:8392: gcc -c -g -O2  conftest.c >&5
configure:8392: $? = 0
configure:8465: gcc -o conftest -g -O2   conftest.c  >&5
configure:8465: $? = 0
configure:8465: ./conftest
configure:8465: $? = 0
configure:8476: result: yes
configure:8489: checking for sys/types.h
configure:8489: gcc -c -g -O2  conftest.c >&5
configure:8489: $? = 0
configure:8489: result: yes
configure:8489: checking for sys/stat.h
configure:8489: gcc -c -g -O2  conftest.c >&5
configure:8489: $? = 0
configure:8489: result: yes
configure:8489: checking for stdlib.h
configure:8489: gcc -c -g -O2  conftest.c >&5
configure:8489: $? = 0
configure:8489: result: yes
configure:8489: checking for string.h
configure:8489: gcc -c -g -O2  conftest.c >&5
configure:8489: $? = 0
configure:8489: result: yes
configure:8489: checking for memory.h
configure:8489: gcc -c -g -O2  conftest.c >&5
configure:8489: $? = 0
configure:8489: result: yes
configure:8489: checking for strings.h
configure:8489: gcc -c -g -O2  conftest.c >&5
configure:8489: $? = 0
configure:8489: result: yes
configure:8489: checking for inttypes.h
configure:8489: gcc -c -g -O2  conftest.c >&5
configure:8489: $? = 0
configure:8489: result: yes
configure:8489: checking for stdint.h
configure:8489: gcc -c -g -O2  conftest.c >&5
configure:8489: $? = 0
configure:8489: result: yes
configure:8489: checking for unistd.h
configure:8489: gcc -c -g -O2  conftest.c >&5
configure:8489: $? = 0
configure:8489: result: yes
configure:8503: checking for dlfcn.h
configure:8503: gcc -c -g -O2  conftest.c >&5
configure:8503: $? = 0
configure:8503: result: yes
configure:8719: checking for objdir
configure:8734: result: .libs
configure:9005: checking if gcc supports -fno-rtti -fno-exceptions
configure:9023: gcc -c -g -O2  -fno-rtti -fno-exceptions conftest.c >&5
configure:9027: $? = 0
configure:9040: result: yes
configure:9367: checking for gcc option to produce PIC
configure:9374: result: -fno-common -DPIC
configure:9382: checking if gcc PIC flag -fno-common -DPIC works
configure:9400: gcc -c -g -O2  -fno-common -DPIC -DPIC conftest.c >&5
configure:9404: $? = 0
configure:9417: result: yes
configure:9446: checking if gcc static flag -static works
configure:9474: result: no
configure:9489: checking if gcc supports -c -o file.o
configure:9510: gcc -c -g -O2  -o out/conftest2.o conftest.c >&5
configure:9514: $? = 0
configure:9536: result: yes
configure:9544: checking if gcc supports -c -o file.o
configure:9591: result: yes
configure:9624: checking whether the gcc linker (/Applications/Xcode.app/Contents/Developer/Toolchains/XcodeDefault.xctoolchain/usr/bin/ld) supports shared libraries
configure:10777: result: yes
configure:11017: checking dynamic linker characteristics
configure:11750: result: darwin13.3.0 dyld
configure:11857: checking how to hardcode library paths into programs
configure:11882: result: immediate
configure:12422: checking whether stripping libraries is possible
configure:12436: result: yes
configure:12462: checking if libtool supports shared libraries
configure:12464: result: yes
configure:12467: checking whether to build shared libraries
configure:12488: result: yes
configure:12491: checking whether to build static libraries
configure:12495: result: yes
configure:12518: checking how to run the C++ preprocessor
configure:12545: g++ -E  conftest.cpp
configure:12545: $? = 0
configure:12559: g++ -E  conftest.cpp
conftest.cpp:23:10: fatal error: 'ac_nonexistent.h' file not found
#include <ac_nonexistent.h>
         ^
1 error generated.
configure:12559: $? = 1
configure: failed program was:
| /* confdefs.h */
| #define PACKAGE_NAME "SmartHistos"
| #define PACKAGE_TARNAME "smarthistos"
| #define PACKAGE_VERSION "1.0"
| #define PACKAGE_STRING "SmartHistos 1.0"
| #define PACKAGE_BUGREPORT "jp.araque@cern.ch"
| #define PACKAGE_URL ""
| #define PACKAGE "smarthistos"
| #define VERSION "1.0"
| #define STDC_HEADERS 1
| #define HAVE_SYS_TYPES_H 1
| #define HAVE_SYS_STAT_H 1
| #define HAVE_STDLIB_H 1
| #define HAVE_STRING_H 1
| #define HAVE_MEMORY_H 1
| #define HAVE_STRINGS_H 1
| #define HAVE_INTTYPES_H 1
| #define HAVE_STDINT_H 1
| #define HAVE_UNISTD_H 1
| #define HAVE_DLFCN_H 1
| #define LT_OBJDIR ".libs/"
| /* end confdefs.h.  */
| #include <ac_nonexistent.h>
configure:12584: result: g++ -E

## ---------------- ##
## Cache variables. ##
## ---------------- ##

ac_cv_build=x86_64-apple-darwin13.3.0
ac_cv_c_compiler_gnu=yes
ac_cv_cxx_compiler_gnu=yes
ac_cv_env_CCC_set=
ac_cv_env_CCC_value=
ac_cv_env_CC_set=
ac_cv_env_CC_value=
ac_cv_env_CFLAGS_set=
ac_cv_env_CFLAGS_value=
ac_cv_env_CPPFLAGS_set=
ac_cv_env_CPPFLAGS_value=
ac_cv_env_CPP_set=
ac_cv_env_CPP_value=
ac_cv_env_CXXCPP_set=
ac_cv_env_CXXCPP_value=
ac_cv_env_CXXFLAGS_set=
ac_cv_env_CXXFLAGS_value=
ac_cv_env_CXX_set=
ac_cv_env_CXX_value=
ac_cv_env_LDFLAGS_set=
ac_cv_env_LDFLAGS_value=
ac_cv_env_LIBS_set=
ac_cv_env_LIBS_value=
ac_cv_env_build_alias_set=
ac_cv_env_build_alias_value=
ac_cv_env_host_alias_set=
ac_cv_env_host_alias_value=
ac_cv_env_target_alias_set=
ac_cv_env_target_alias_value=
ac_cv_header_dlfcn_h=yes
ac_cv_header_inttypes_h=yes
ac_cv_header_memory_h=yes
ac_cv_header_stdc=yes
ac_cv_header_stdint_h=yes
ac_cv_header_stdlib_h=yes
ac_cv_header_string_h=yes
ac_cv_header_strings_h=yes
ac_cv_header_sys_stat_h=yes
ac_cv_header_sys_types_h=yes
ac_cv_header_unistd_h=yes
ac_cv_host=x86_64-apple-darwin13.3.0
ac_cv_objext=o
ac_cv_path_EGREP='/usr/bin/grep -E'
ac_cv_path_FGREP='/usr/bin/grep -F'
ac_cv_path_GREP=/usr/bin/grep
ac_cv_path_SED=/usr/bin/sed
ac_cv_path_install='/usr/bin/install -c'
ac_cv_prog_AWK=awk
ac_cv_prog_CPP='gcc -E'
ac_cv_prog_CXXCPP='g++ -E'
ac_cv_prog_ac_ct_AR=ar
ac_cv_prog_ac_ct_CC=gcc
ac_cv_prog_ac_ct_CXX=g++
ac_cv_prog_ac_ct_DSYMUTIL=dsymutil
ac_cv_prog_ac_ct_LIPO=lipo
ac_cv_prog_ac_ct_NMEDIT=nmedit
ac_cv_prog_ac_ct_OTOOL=otool
ac_cv_prog_ac_ct_RANLIB=ranlib
ac_cv_prog_ac_ct_STRIP=strip
ac_cv_prog_cc_c89=
ac_cv_prog_cc_g=yes
ac_cv_prog_cxx_g=yes
ac_cv_prog_make_make_set=yes
am_cv_CC_dependencies_compiler_type=gcc3
am_cv_CXX_dependencies_compiler_type=gcc3
am_cv_ar_interface=ar
am_cv_make_support_nested_variables=yes
am_cv_prog_cc_c_o=yes
lt_cv_apple_cc_single_mod=yes
lt_cv_ar_at_file=no
lt_cv_deplibs_check_method=pass_all
lt_cv_file_magic_cmd='$MAGIC_CMD'
lt_cv_file_magic_test_file=
lt_cv_ld_exported_symbols_list=yes
lt_cv_ld_force_load=yes
lt_cv_ld_reload_flag=-r
lt_cv_nm_interface='BSD nm'
lt_cv_objdir=.libs
lt_cv_path_LD=/Applications/Xcode.app/Contents/Developer/Toolchains/XcodeDefault.xctoolchain/usr/bin/ld
lt_cv_path_NM=/opt/local/bin/nm
lt_cv_path_mainfest_tool=no
lt_cv_prog_compiler_c_o=yes
lt_cv_prog_compiler_pic='-fno-common -DPIC'
lt_cv_prog_compiler_pic_works=yes
lt_cv_prog_compiler_rtti_exceptions=yes
lt_cv_prog_compiler_static_works=no
lt_cv_prog_gnu_ld=no
lt_cv_sharedlib_from_linklib_cmd='printf %s\n'
lt_cv_sys_global_symbol_pipe='sed -n -e '\''s/^.*[	 ]\([BCDEGRST][BCDEGRST]*\)[	 ][	 ]*_\([_A-Za-z][_A-Za-z0-9]*\)$/\1 _\2 \2/p'\'' | sed '\''/ __gnu_lto/d'\'''
lt_cv_sys_global_symbol_to_c_name_address='sed -n -e '\''s/^: \([^ ]*\)[ ]*$/  {\"\1\", (void *) 0},/p'\'' -e '\''s/^[BCDEGRST]* \([^ ]*\) \([^ ]*\)$/  {"\2", (void *) \&\2},/p'\'''
lt_cv_sys_global_symbol_to_c_name_address_lib_prefix='sed -n -e '\''s/^: \([^ ]*\)[ ]*$/  {\"\1\", (void *) 0},/p'\'' -e '\''s/^[BCDEGRST]* \([^ ]*\) \(lib[^ ]*\)$/  {"\2", (void *) \&\2},/p'\'' -e '\''s/^[BCDEGRST]* \([^ ]*\) \([^ ]*\)$/  {"lib\2", (void *) \&\2},/p'\'''
lt_cv_sys_global_symbol_to_cdecl='sed -n -e '\''s/^T .* \(.*\)$/extern int \1();/p'\'' -e '\''s/^[BCDEGRST]* .* \(.*\)$/extern char \1;/p'\'''
lt_cv_sys_max_cmd_len=196608
lt_cv_to_host_file_cmd=func_convert_file_noop
lt_cv_to_tool_file_cmd=func_convert_file_noop

## ----------------- ##
## Output variables. ##
## ----------------- ##

ACLOCAL='${SHELL} /Users/juanpe/code/test/SM/build-aux/missing aclocal-1.14'
AMDEPBACKSLASH='\'
AMDEP_FALSE='#'
AMDEP_TRUE=''
AMTAR='$${TAR-tar}'
AM_BACKSLASH='\'
AM_DEFAULT_V='$(AM_DEFAULT_VERBOSITY)'
AM_DEFAULT_VERBOSITY='1'
AM_V='$(V)'
AR='ar'
AUTOCONF='${SHELL} /Users/juanpe/code/test/SM/build-aux/missing autoconf'
AUTOHEADER='${SHELL} /Users/juanpe/code/test/SM/build-aux/missing autoheader'
AUTOMAKE='${SHELL} /Users/juanpe/code/test/SM/build-aux/missing automake-1.14'
AWK='awk'
CC='gcc'
CCDEPMODE='depmode=gcc3'
CFLAGS='-g -O2'
CPP='gcc -E'
CPPFLAGS=''
CXX='g++'
CXXCPP='g++ -E'
CXXDEPMODE='depmode=gcc3'
CXXFLAGS='-g -O2'
CYGPATH_W='echo'
DEFS=''
DEPDIR='.deps'
DLLTOOL='false'
DSYMUTIL='dsymutil'
DUMPBIN=''
ECHO_C='\c'
ECHO_N=''
ECHO_T=''
EGREP='/usr/bin/grep -E'
EXEEXT=''
FGREP='/usr/bin/grep -F'
GREP='/usr/bin/grep'
INSTALL_DATA='${INSTALL} -m 644'
INSTALL_PROGRAM='${INSTALL}'
INSTALL_SCRIPT='${INSTALL}'
INSTALL_STRIP_PROGRAM='$(install_sh) -c -s'
LD='/Applications/Xcode.app/Contents/Developer/Toolchains/XcodeDefault.xctoolchain/usr/bin/ld'
LDFLAGS=''
LIBOBJS=''
LIBS=''
LIBTOOL='$(SHELL) $(top_builddir)/libtool'
LIPO='lipo'
LN_S='ln -s'
LTLIBOBJS=''
MAKEINFO='${SHELL} /Users/juanpe/code/test/SM/build-aux/missing makeinfo'
MANIFEST_TOOL=':'
MKDIR_P='../build-aux/install-sh -c -d'
NM='/opt/local/bin/nm'
NMEDIT='nmedit'
OBJDUMP='false'
OBJEXT='o'
OTOOL64=':'
OTOOL='otool'
PACKAGE='smarthistos'
PACKAGE_BUGREPORT='jp.araque@cern.ch'
PACKAGE_NAME='SmartHistos'
PACKAGE_STRING='SmartHistos 1.0'
PACKAGE_TARNAME='smarthistos'
PACKAGE_URL=''
PACKAGE_VERSION='1.0'
PATH_SEPARATOR=':'
RANLIB='ranlib'
SED='/usr/bin/sed'
SET_MAKE=''
SHELL='/bin/sh'
STRIP='strip'
VERSION='1.0'
ac_ct_AR='ar'
ac_ct_CC='gcc'
ac_ct_CXX='g++'
ac_ct_DUMPBIN=''
am__EXEEXT_FALSE=''
am__EXEEXT_TRUE=''
am__fastdepCC_FALSE='#'
am__fastdepCC_TRUE=''
am__fastdepCXX_FALSE='#'
am__fastdepCXX_TRUE=''
am__include='include'
am__isrc=' -I$(srcdir)'
am__leading_dot='.'
am__nodep='_no'
am__quote=''
am__tar='$${TAR-tar} chof - "$$tardir"'
am__untar='$${TAR-tar} xf -'
bindir='${exec_prefix}/bin'
build='x86_64-apple-darwin13.3.0'
build_alias=''
build_cpu='x86_64'
build_os='darwin13.3.0'
build_vendor='apple'
datadir='${datarootdir}'
datarootdir='${prefix}/share'
docdir='${datarootdir}/doc/${PACKAGE_TARNAME}'
dvidir='${docdir}'
exec_prefix='NONE'
host='x86_64-apple-darwin13.3.0'
host_alias=''
host_cpu='x86_64'
host_os='darwin13.3.0'
host_vendor='apple'
htmldir='${docdir}'
includedir='${prefix}/include'
infodir='${datarootdir}/info'
install_sh='${SHELL} /Users/juanpe/code/test/SM/build-aux/install-sh'
libdir='${exec_prefix}/lib'
libexecdir='${exec_prefix}/libexec'
localedir='${datarootdir}/locale'
localstatedir='${prefix}/var'
mandir='${datarootdir}/man'
mkdir_p='$(MKDIR_P)'
oldincludedir='/usr/include'
pdfdir='${docdir}'
prefix='NONE'
program_transform_name='s,x,x,'
psdir='${docdir}'
sbindir='${exec_prefix}/sbin'
sharedstatedir='${prefix}/com'
sysconfdir='${prefix}/etc'
target_alias=''

## ----------- ##
## confdefs.h. ##
## ----------- ##

/* confdefs.h */
#define PACKAGE_NAME "SmartHistos"
#define PACKAGE_TARNAME "smarthistos"
#define PACKAGE_VERSION "1.0"
#define PACKAGE_STRING "SmartHistos 1.0"
#define PACKAGE_BUGREPORT "jp.araque@cern.ch"
#define PACKAGE_URL ""
#define PACKAGE "smarthistos"
#define VERSION "1.0"
#define STDC_HEADERS 1
#define HAVE_SYS_TYPES_H 1
#define HAVE_SYS_STAT_H 1
#define HAVE_STDLIB_H 1
#define HAVE_STRING_H 1
#define HAVE_MEMORY_H 1
#define HAVE_STRINGS_H 1
#define HAVE_INTTYPES_H 1
#define HAVE_STDINT_H 1
#define HAVE_UNISTD_H 1
#define HAVE_DLFCN_H 1
#define LT_OBJDIR ".libs/"

configure: caught signal 2
configure: exit 1
